{"id":"7b287941fba076c308e275e463ec7605","name":"productInfoTest","start":1769882253773,"stop":1769882258779,"duration":5006,"status":"failed","fullName":"com.qa.opencart.MyTests.ProductInfoPageTest.productInfoTest","historyId":"b2d1227e2c5b74e611599ae7a4911590.998a23334746e8b15dd9666ec33d4d75","flaky":false,"muted":false,"known":false,"hidden":false,"labels":[{"name":"package","value":"com.qa.opencart.MyTests.ProductInfoPageTest"},{"name":"testClass","value":"com.qa.opencart.MyTests.ProductInfoPageTest"},{"name":"testMethod","value":"productInfoTest"},{"name":"parentSuite","value":"Opencart App Test Sanity suit"},{"name":"suite","value":"ProductInfoPage Test"},{"name":"subSuite","value":"com.qa.opencart.MyTests.ProductInfoPageTest"},{"name":"host","value":"Piyush"},{"name":"thread","value":"47276@Piyush.TestNG-tests-3(40)"},{"name":"framework","value":"testng"},{"name":"language","value":"java"}],"groupedLabels":{"package":["com.qa.opencart.MyTests.ProductInfoPageTest"],"testClass":["com.qa.opencart.MyTests.ProductInfoPageTest"],"testMethod":["productInfoTest"],"parentSuite":["Opencart App Test Sanity suit"],"suite":["ProductInfoPage Test"],"subSuite":["com.qa.opencart.MyTests.ProductInfoPageTest"],"host":["Piyush"],"thread":["47276@Piyush.TestNG-tests-3(40)"],"framework":["testng"],"language":["java"]},"parameters":[{"name":"browser","value":"chrome","hidden":false,"excluded":false,"masked":false}],"links":[],"steps":[{"link":{"used":true,"missed":false,"id":"644ce8732edf87475af6070763f2930e","originalFileName":"709a5b89-0d29-4a32-8f06-b9e4f8a864ed-attachment","ext":".png","contentType":"image/png","contentLength":318314,"name":"Page screenshot"},"type":"attachment"},{"link":{"used":true,"missed":false,"id":"bfed7ec9de600533c5c92eba59757b3a","originalFileName":"692cd4ce-57a6-4b6e-818a-16dc4fe1a827-attachment","ext":".txt","contentType":"text/plain","contentLength":44,"name":"productInfoTest failed and screenshot taken!"},"type":"attachment"}],"error":{"message":"The following asserts failed:\n\texpected [MacBook Pro] but found [null],\n\texpected [Apple] but found [null],\n\texpected [Product 18] but found [null],\n\texpected [800] but found [null],\n\texpected [MacBook Pro] but found [null],\n\texpected [Apple] but found [null],\n\texpected [Product 18] but found [null],\n\texpected [800] but found [null],\n\texpected [MacBook Pro] but found [null],\n\texpected [Apple] but found [null],\n\texpected [Product 18] but found [null],\n\texpected [800] but found [null],\n\texpected [MacBook Pro] but found [null],\n\texpected [Apple] but found [null],\n\texpected [Product 18] but found [null],\n\texpected [800] but found [null]","trace":"java.lang.AssertionError: The following asserts failed:\n\texpected [MacBook Pro] but found [null],\n\texpected [Apple] but found [null],\n\texpected [Product 18] but found [null],\n\texpected [800] but found [null],\n\texpected [MacBook Pro] but found [null],\n\texpected [Apple] but found [null],\n\texpected [Product 18] but found [null],\n\texpected [800] but found [null],\n\texpected [MacBook Pro] but found [null],\n\texpected [Apple] but found [null],\n\texpected [Product 18] but found [null],\n\texpected [800] but found [null],\n\texpected [MacBook Pro] but found [null],\n\texpected [Apple] but found [null],\n\texpected [Product 18] but found [null],\n\texpected [800] but found [null]\r\n\tat org.testng.asserts.SoftAssert.assertAll(SoftAssert.java:46)\r\n\tat org.testng.asserts.SoftAssert.assertAll(SoftAssert.java:30)\r\n\tat com.qa.opencart.MyTests.ProductInfoPageTest.productInfoTest(ProductInfoPageTest.java:71)\r\n\tat java.base/jdk.internal.reflect.DirectMethodHandleAccessor.invoke(DirectMethodHandleAccessor.java:103)\r\n\tat java.base/java.lang.reflect.Method.invoke(Method.java:580)\r\n\tat org.testng.internal.invokers.MethodInvocationHelper.invokeMethod(MethodInvocationHelper.java:141)\r\n\tat org.testng.internal.invokers.TestInvoker.invokeMethod(TestInvoker.java:686)\r\n\tat org.testng.internal.invokers.TestInvoker.retryFailed(TestInvoker.java:269)\r\n\tat org.testng.internal.invokers.MethodRunner.runInSequence(MethodRunner.java:76)\r\n\tat org.testng.internal.invokers.TestInvoker$MethodInvocationAgent.invoke(TestInvoker.java:992)\r\n\tat org.testng.internal.invokers.TestInvoker.invokeTestMethods(TestInvoker.java:203)\r\n\tat org.testng.internal.invokers.TestMethodWorker.invokeTestMethods(TestMethodWorker.java:154)\r\n\tat org.testng.internal.invokers.TestMethodWorker.run(TestMethodWorker.java:134)\r\n\tat java.base/java.util.ArrayList.forEach(ArrayList.java:1596)\r\n\tat org.testng.TestRunner.privateRun(TestRunner.java:739)\r\n\tat org.testng.TestRunner.run(TestRunner.java:614)\r\n\tat org.testng.SuiteRunner.runTest(SuiteRunner.java:421)\r\n\tat org.testng.SuiteRunner$SuiteWorker.run(SuiteRunner.java:463)\r\n\tat org.testng.internal.thread.ThreadUtil.lambda$execute$0(ThreadUtil.java:64)\r\n\tat java.base/java.util.concurrent.FutureTask.run(FutureTask.java:317)\r\n\tat java.base/java.util.concurrent.ThreadPoolExecutor.runWorker(ThreadPoolExecutor.java:1144)\r\n\tat java.base/java.util.concurrent.ThreadPoolExecutor$Worker.run(ThreadPoolExecutor.java:642)\r\n\tat java.base/java.lang.Thread.run(Thread.java:1583)\r\n"},"testCase":{"id":"b2d1227e2c5b74e611599ae7a4911590","name":"productInfoTest","fullName":"com.qa.opencart.MyTests.ProductInfoPageTest.productInfoTest"},"environment":"default","setup":[{"id":"d869a90bf1b3f5907c37f7d4823a5244","type":"before","name":"classSetup","status":"passed","steps":[],"duration":3269},{"id":"31260bc39d676a9c8e55d6707ca843e1","type":"before","name":"productInfoPageSetup","status":"passed","steps":[{"stepId":"a57aeb831ca1cefe02882cbc2c4ff403","name":"Login to application with userName:piyushsharma111@gmail.com and password: piyush@008","status":"passed","steps":[],"parameters":[{"name":"un","value":"piyushsharma111@gmail.com","hidden":false,"excluded":false,"masked":false},{"name":"pwd","value":"piyush@008","hidden":false,"excluded":false,"masked":false}],"start":1769882231551,"stop":1769882233212,"duration":1661,"type":"step","hasSimilarErrorInSubSteps":false}],"duration":1662}],"teardown":[{"id":"149c0665b948bafe4abe3ca18fc41821","type":"after","name":"tearDown","status":"passed","steps":[],"duration":118}],"history":[{"id":"63e9a59dc2c1b232963fc35b4e22c521","name":"productInfoTest","fullName":"com.qa.opencart.MyTests.ProductInfoPageTest.productInfoTest","environment":"default","status":"failed","message":"The following asserts failed:\n\texpected [MacBook Pro] but found [null],\n\texpected [Apple] but found [null],\n\texpected [Product 18] but found [null],\n\texpected [800] but found [null],\n\texpected [MacBook Pro] but found [null],\n\texpected [Apple] but found [null],\n\texpected [Product 18] but found [null],\n\texpected [800] but found [null],\n\texpected [MacBook Pro] but found [null],\n\texpected [Apple] but found [null],\n\texpected [Product 18] but found [null],\n\texpected [800] but found [null],\n\texpected [MacBook Pro] but found [null],\n\texpected [Apple] but found [null],\n\texpected [Product 18] but found [null],\n\texpected [800] but found [null]","trace":"java.lang.AssertionError: The following asserts failed:\n\texpected [MacBook Pro] but found [null],\n\texpected [Apple] but found [null],\n\texpected [Product 18] but found [null],\n\texpected [800] but found [null],\n\texpected [MacBook Pro] but found [null],\n\texpected [Apple] but found [null],\n\texpected [Product 18] but found [null],\n\texpected [800] but found [null],\n\texpected [MacBook Pro] but found [null],\n\texpected [Apple] but found [null],\n\texpected [Product 18] but found [null],\n\texpected [800] but found [null],\n\texpected [MacBook Pro] but found [null],\n\texpected [Apple] but found [null],\n\texpected [Product 18] but found [null],\n\texpected [800] but found [null]\r\n\tat org.testng.asserts.SoftAssert.assertAll(SoftAssert.java:46)\r\n\tat org.testng.asserts.SoftAssert.assertAll(SoftAssert.java:30)\r\n\tat com.qa.opencart.MyTests.ProductInfoPageTest.productInfoTest(ProductInfoPageTest.java:71)\r\n\tat java.base/jdk.internal.reflect.DirectMethodHandleAccessor.invoke(DirectMethodHandleAccessor.java:103)\r\n\tat java.base/java.lang.reflect.Method.invoke(Method.java:580)\r\n\tat org.testng.internal.invokers.MethodInvocationHelper.invokeMethod(MethodInvocationHelper.java:141)\r\n\tat org.testng.internal.invokers.TestInvoker.invokeMethod(TestInvoker.java:686)\r\n\tat org.testng.internal.invokers.TestInvoker.retryFailed(TestInvoker.java:269)\r\n\tat org.testng.internal.invokers.MethodRunner.runInSequence(MethodRunner.java:76)\r\n\tat org.testng.internal.invokers.TestInvoker$MethodInvocationAgent.invoke(TestInvoker.java:992)\r\n\tat org.testng.internal.invokers.TestInvoker.invokeTestMethods(TestInvoker.java:203)\r\n\tat org.testng.internal.invokers.TestMethodWorker.invokeTestMethods(TestMethodWorker.java:154)\r\n\tat org.testng.internal.invokers.TestMethodWorker.run(TestMethodWorker.java:134)\r\n\tat java.base/java.util.ArrayList.forEach(ArrayList.java:1596)\r\n\tat org.testng.TestRunner.privateRun(TestRunner.java:739)\r\n\tat org.testng.TestRunner.run(TestRunner.java:614)\r\n\tat org.testng.SuiteRunner.runTest(SuiteRunner.java:421)\r\n\tat org.testng.SuiteRunner$SuiteWorker.run(SuiteRunner.java:463)\r\n\tat org.testng.internal.thread.ThreadUtil.lambda$execute$0(ThreadUtil.java:64)\r\n\tat java.base/java.util.concurrent.FutureTask.run(FutureTask.java:317)\r\n\tat java.base/java.util.concurrent.ThreadPoolExecutor.runWorker(ThreadPoolExecutor.java:1144)\r\n\tat java.base/java.util.concurrent.ThreadPoolExecutor$Worker.run(ThreadPoolExecutor.java:642)\r\n\tat java.base/java.lang.Thread.run(Thread.java:1583)\r\n","start":1769882140264,"stop":1769882145263,"duration":4999,"labels":[{"name":"package","value":"com.qa.opencart.MyTests.ProductInfoPageTest"},{"name":"testClass","value":"com.qa.opencart.MyTests.ProductInfoPageTest"},{"name":"testMethod","value":"productInfoTest"},{"name":"parentSuite","value":"Opencart App Test Sanity suit"},{"name":"suite","value":"ProductInfoPage Test"},{"name":"subSuite","value":"com.qa.opencart.MyTests.ProductInfoPageTest"},{"name":"host","value":"Piyush"},{"name":"thread","value":"48684@Piyush.TestNG-tests-3(40)"},{"name":"framework","value":"testng"},{"name":"language","value":"java"}],"url":"","historyId":"b2d1227e2c5b74e611599ae7a4911590.998a23334746e8b15dd9666ec33d4d75","reportLinks":[]}],"retries":[{"id":"d8665e5cc5e145b0d787b32e299a9965","name":"productInfoTest","testCase":{"id":"b2d1227e2c5b74e611599ae7a4911590","name":"productInfoTest","fullName":"com.qa.opencart.MyTests.ProductInfoPageTest.productInfoTest"},"fullName":"com.qa.opencart.MyTests.ProductInfoPageTest.productInfoTest","historyId":"b2d1227e2c5b74e611599ae7a4911590.998a23334746e8b15dd9666ec33d4d75","status":"skipped","error":{"message":"The following asserts failed:\n\texpected [MacBook Pro] but found [null],\n\texpected [Apple] but found [null],\n\texpected [Product 18] but found [null],\n\texpected [800] but found [null],\n\texpected [MacBook Pro] but found [null],\n\texpected [Apple] but found [null],\n\texpected [Product 18] but found [null],\n\texpected [800] but found [null],\n\texpected [MacBook Pro] but found [null],\n\texpected [Apple] but found [null],\n\texpected [Product 18] but found [null],\n\texpected [800] but found [null]","trace":"java.lang.AssertionError: The following asserts failed:\n\texpected [MacBook Pro] but found [null],\n\texpected [Apple] but found [null],\n\texpected [Product 18] but found [null],\n\texpected [800] but found [null],\n\texpected [MacBook Pro] but found [null],\n\texpected [Apple] but found [null],\n\texpected [Product 18] but found [null],\n\texpected [800] but found [null],\n\texpected [MacBook Pro] but found [null],\n\texpected [Apple] but found [null],\n\texpected [Product 18] but found [null],\n\texpected [800] but found [null]\r\n\tat org.testng.asserts.SoftAssert.assertAll(SoftAssert.java:46)\r\n\tat org.testng.asserts.SoftAssert.assertAll(SoftAssert.java:30)\r\n\tat com.qa.opencart.MyTests.ProductInfoPageTest.productInfoTest(ProductInfoPageTest.java:71)\r\n\tat java.base/jdk.internal.reflect.DirectMethodHandleAccessor.invoke(DirectMethodHandleAccessor.java:103)\r\n\tat java.base/java.lang.reflect.Method.invoke(Method.java:580)\r\n\tat org.testng.internal.invokers.MethodInvocationHelper.invokeMethod(MethodInvocationHelper.java:141)\r\n\tat org.testng.internal.invokers.TestInvoker.invokeMethod(TestInvoker.java:686)\r\n\tat org.testng.internal.invokers.TestInvoker.retryFailed(TestInvoker.java:269)\r\n\tat org.testng.internal.invokers.MethodRunner.runInSequence(MethodRunner.java:76)\r\n\tat org.testng.internal.invokers.TestInvoker$MethodInvocationAgent.invoke(TestInvoker.java:992)\r\n\tat org.testng.internal.invokers.TestInvoker.invokeTestMethods(TestInvoker.java:203)\r\n\tat org.testng.internal.invokers.TestMethodWorker.invokeTestMethods(TestMethodWorker.java:154)\r\n\tat org.testng.internal.invokers.TestMethodWorker.run(TestMethodWorker.java:134)\r\n\tat java.base/java.util.ArrayList.forEach(ArrayList.java:1596)\r\n\tat org.testng.TestRunner.privateRun(TestRunner.java:739)\r\n\tat org.testng.TestRunner.run(TestRunner.java:614)\r\n\tat org.testng.SuiteRunner.runTest(SuiteRunner.java:421)\r\n\tat org.testng.SuiteRunner$SuiteWorker.run(SuiteRunner.java:463)\r\n\tat org.testng.internal.thread.ThreadUtil.lambda$execute$0(ThreadUtil.java:64)\r\n\tat java.base/java.util.concurrent.FutureTask.run(FutureTask.java:317)\r\n\tat java.base/java.util.concurrent.ThreadPoolExecutor.runWorker(ThreadPoolExecutor.java:1144)\r\n\tat java.base/java.util.concurrent.ThreadPoolExecutor$Worker.run(ThreadPoolExecutor.java:642)\r\n\tat java.base/java.lang.Thread.run(Thread.java:1583)\r\n"},"start":1769882249076,"stop":1769882253770,"duration":4694,"flaky":false,"muted":false,"known":false,"hidden":true,"labels":[{"name":"package","value":"com.qa.opencart.MyTests.ProductInfoPageTest"},{"name":"testClass","value":"com.qa.opencart.MyTests.ProductInfoPageTest"},{"name":"testMethod","value":"productInfoTest"},{"name":"parentSuite","value":"Opencart App Test Sanity suit"},{"name":"suite","value":"ProductInfoPage Test"},{"name":"subSuite","value":"com.qa.opencart.MyTests.ProductInfoPageTest"},{"name":"host","value":"Piyush"},{"name":"thread","value":"47276@Piyush.TestNG-tests-3(40)"},{"name":"framework","value":"testng"},{"name":"language","value":"java"}],"steps":[],"parameters":[{"name":"browser","value":"chrome","hidden":false,"excluded":false,"masked":false}],"links":[],"hostId":"Piyush","threadId":"47276@Piyush.TestNG-tests-3(40)","sourceMetadata":{"readerId":"allure2","metadata":{"originalFileName":"b351b611-8439-4d0d-a997-a4b991051132-result.json"}},"titlePath":[],"environment":"default"},{"id":"fbaf738d21f970f27e194315c0b799c8","name":"productInfoTest","testCase":{"id":"b2d1227e2c5b74e611599ae7a4911590","name":"productInfoTest","fullName":"com.qa.opencart.MyTests.ProductInfoPageTest.productInfoTest"},"fullName":"com.qa.opencart.MyTests.ProductInfoPageTest.productInfoTest","historyId":"b2d1227e2c5b74e611599ae7a4911590.998a23334746e8b15dd9666ec33d4d75","status":"skipped","error":{"message":"The following asserts failed:\n\texpected [MacBook Pro] but found [null],\n\texpected [Apple] but found [null],\n\texpected [Product 18] but found [null],\n\texpected [800] but found [null],\n\texpected [MacBook Pro] but found [null],\n\texpected [Apple] but found [null],\n\texpected [Product 18] but found [null],\n\texpected [800] but found [null]","trace":"java.lang.AssertionError: The following asserts failed:\n\texpected [MacBook Pro] but found [null],\n\texpected [Apple] but found [null],\n\texpected [Product 18] but found [null],\n\texpected [800] but found [null],\n\texpected [MacBook Pro] but found [null],\n\texpected [Apple] but found [null],\n\texpected [Product 18] but found [null],\n\texpected [800] but found [null]\r\n\tat org.testng.asserts.SoftAssert.assertAll(SoftAssert.java:46)\r\n\tat org.testng.asserts.SoftAssert.assertAll(SoftAssert.java:30)\r\n\tat com.qa.opencart.MyTests.ProductInfoPageTest.productInfoTest(ProductInfoPageTest.java:71)\r\n\tat java.base/jdk.internal.reflect.DirectMethodHandleAccessor.invoke(DirectMethodHandleAccessor.java:103)\r\n\tat java.base/java.lang.reflect.Method.invoke(Method.java:580)\r\n\tat org.testng.internal.invokers.MethodInvocationHelper.invokeMethod(MethodInvocationHelper.java:141)\r\n\tat org.testng.internal.invokers.TestInvoker.invokeMethod(TestInvoker.java:686)\r\n\tat org.testng.internal.invokers.TestInvoker.retryFailed(TestInvoker.java:269)\r\n\tat org.testng.internal.invokers.MethodRunner.runInSequence(MethodRunner.java:76)\r\n\tat org.testng.internal.invokers.TestInvoker$MethodInvocationAgent.invoke(TestInvoker.java:992)\r\n\tat org.testng.internal.invokers.TestInvoker.invokeTestMethods(TestInvoker.java:203)\r\n\tat org.testng.internal.invokers.TestMethodWorker.invokeTestMethods(TestMethodWorker.java:154)\r\n\tat org.testng.internal.invokers.TestMethodWorker.run(TestMethodWorker.java:134)\r\n\tat java.base/java.util.ArrayList.forEach(ArrayList.java:1596)\r\n\tat org.testng.TestRunner.privateRun(TestRunner.java:739)\r\n\tat org.testng.TestRunner.run(TestRunner.java:614)\r\n\tat org.testng.SuiteRunner.runTest(SuiteRunner.java:421)\r\n\tat org.testng.SuiteRunner$SuiteWorker.run(SuiteRunner.java:463)\r\n\tat org.testng.internal.thread.ThreadUtil.lambda$execute$0(ThreadUtil.java:64)\r\n\tat java.base/java.util.concurrent.FutureTask.run(FutureTask.java:317)\r\n\tat java.base/java.util.concurrent.ThreadPoolExecutor.runWorker(ThreadPoolExecutor.java:1144)\r\n\tat java.base/java.util.concurrent.ThreadPoolExecutor$Worker.run(ThreadPoolExecutor.java:642)\r\n\tat java.base/java.lang.Thread.run(Thread.java:1583)\r\n"},"start":1769882244257,"stop":1769882249074,"duration":4817,"flaky":false,"muted":false,"known":false,"hidden":true,"labels":[{"name":"package","value":"com.qa.opencart.MyTests.ProductInfoPageTest"},{"name":"testClass","value":"com.qa.opencart.MyTests.ProductInfoPageTest"},{"name":"testMethod","value":"productInfoTest"},{"name":"parentSuite","value":"Opencart App Test Sanity suit"},{"name":"suite","value":"ProductInfoPage Test"},{"name":"subSuite","value":"com.qa.opencart.MyTests.ProductInfoPageTest"},{"name":"host","value":"Piyush"},{"name":"thread","value":"47276@Piyush.TestNG-tests-3(40)"},{"name":"framework","value":"testng"},{"name":"language","value":"java"}],"steps":[],"parameters":[{"name":"browser","value":"chrome","hidden":false,"excluded":false,"masked":false}],"links":[],"hostId":"Piyush","threadId":"47276@Piyush.TestNG-tests-3(40)","sourceMetadata":{"readerId":"allure2","metadata":{"originalFileName":"9b4bd0f3-2226-40ab-a409-4aba1286db5b-result.json"}},"titlePath":[],"environment":"default"},{"id":"31e605ba717a1e67aa0b1a527cec0d4e","name":"productInfoTest","testCase":{"id":"b2d1227e2c5b74e611599ae7a4911590","name":"productInfoTest","fullName":"com.qa.opencart.MyTests.ProductInfoPageTest.productInfoTest"},"fullName":"com.qa.opencart.MyTests.ProductInfoPageTest.productInfoTest","historyId":"b2d1227e2c5b74e611599ae7a4911590.998a23334746e8b15dd9666ec33d4d75","status":"skipped","error":{"message":"The following asserts failed:\n\texpected [MacBook Pro] but found [null],\n\texpected [Apple] but found [null],\n\texpected [Product 18] but found [null],\n\texpected [800] but found [null]","trace":"java.lang.AssertionError: The following asserts failed:\n\texpected [MacBook Pro] but found [null],\n\texpected [Apple] but found [null],\n\texpected [Product 18] but found [null],\n\texpected [800] but found [null]\r\n\tat org.testng.asserts.SoftAssert.assertAll(SoftAssert.java:46)\r\n\tat org.testng.asserts.SoftAssert.assertAll(SoftAssert.java:30)\r\n\tat com.qa.opencart.MyTests.ProductInfoPageTest.productInfoTest(ProductInfoPageTest.java:71)\r\n\tat java.base/jdk.internal.reflect.DirectMethodHandleAccessor.invoke(DirectMethodHandleAccessor.java:103)\r\n\tat java.base/java.lang.reflect.Method.invoke(Method.java:580)\r\n\tat org.testng.internal.invokers.MethodInvocationHelper.invokeMethod(MethodInvocationHelper.java:141)\r\n\tat org.testng.internal.invokers.TestInvoker.invokeMethod(TestInvoker.java:686)\r\n\tat org.testng.internal.invokers.TestInvoker.invokeTestMethod(TestInvoker.java:230)\r\n\tat org.testng.internal.invokers.MethodRunner.runInSequence(MethodRunner.java:63)\r\n\tat org.testng.internal.invokers.TestInvoker$MethodInvocationAgent.invoke(TestInvoker.java:992)\r\n\tat org.testng.internal.invokers.TestInvoker.invokeTestMethods(TestInvoker.java:203)\r\n\tat org.testng.internal.invokers.TestMethodWorker.invokeTestMethods(TestMethodWorker.java:154)\r\n\tat org.testng.internal.invokers.TestMethodWorker.run(TestMethodWorker.java:134)\r\n\tat java.base/java.util.ArrayList.forEach(ArrayList.java:1596)\r\n\tat org.testng.TestRunner.privateRun(TestRunner.java:739)\r\n\tat org.testng.TestRunner.run(TestRunner.java:614)\r\n\tat org.testng.SuiteRunner.runTest(SuiteRunner.java:421)\r\n\tat org.testng.SuiteRunner$SuiteWorker.run(SuiteRunner.java:463)\r\n\tat org.testng.internal.thread.ThreadUtil.lambda$execute$0(ThreadUtil.java:64)\r\n\tat java.base/java.util.concurrent.FutureTask.run(FutureTask.java:317)\r\n\tat java.base/java.util.concurrent.ThreadPoolExecutor.runWorker(ThreadPoolExecutor.java:1144)\r\n\tat java.base/java.util.concurrent.ThreadPoolExecutor$Worker.run(ThreadPoolExecutor.java:642)\r\n\tat java.base/java.lang.Thread.run(Thread.java:1583)\r\n"},"start":1769882239516,"stop":1769882244253,"duration":4737,"flaky":false,"muted":false,"known":false,"hidden":true,"labels":[{"name":"package","value":"com.qa.opencart.MyTests.ProductInfoPageTest"},{"name":"testClass","value":"com.qa.opencart.MyTests.ProductInfoPageTest"},{"name":"testMethod","value":"productInfoTest"},{"name":"parentSuite","value":"Opencart App Test Sanity suit"},{"name":"suite","value":"ProductInfoPage Test"},{"name":"subSuite","value":"com.qa.opencart.MyTests.ProductInfoPageTest"},{"name":"host","value":"Piyush"},{"name":"thread","value":"47276@Piyush.TestNG-tests-3(40)"},{"name":"framework","value":"testng"},{"name":"language","value":"java"}],"steps":[],"parameters":[{"name":"browser","value":"chrome","hidden":false,"excluded":false,"masked":false}],"links":[],"hostId":"Piyush","threadId":"47276@Piyush.TestNG-tests-3(40)","sourceMetadata":{"readerId":"allure2","metadata":{"originalFileName":"7e8fb93b-d2cc-4b1f-a2ca-de96929823cc-result.json"}},"titlePath":[],"environment":"default"}],"breadcrumbs":[["Opencart App Test Sanity suit","ProductInfoPage Test","com.qa.opencart.MyTests.ProductInfoPageTest"]],"retry":true,"titlePath":[],"retriesCount":3,"attachments":[{"link":{"used":true,"missed":false,"id":"644ce8732edf87475af6070763f2930e","originalFileName":"709a5b89-0d29-4a32-8f06-b9e4f8a864ed-attachment","ext":".png","contentType":"image/png","contentLength":318314,"name":"Page screenshot"},"type":"attachment"},{"link":{"used":true,"missed":false,"id":"bfed7ec9de600533c5c92eba59757b3a","originalFileName":"692cd4ce-57a6-4b6e-818a-16dc4fe1a827-attachment","ext":".txt","contentType":"text/plain","contentLength":44,"name":"productInfoTest failed and screenshot taken!"},"type":"attachment"}],"order":26}